<?xml version="1.0" encoding="UTF-8"?>
<!-- Generated by org.testng.reporters.JUnitReportReporter -->
<testsuite hostname="salman-PC" name="Testcase.Gcrit" tests="1" failures="0" timestamp="21 Dec 2019 10:43:13 GMT" time="8.874" errors="0">
  <testcase name="launchapplication" time="8.874" classname="Testcase.Gcrit"/>
</testsuite> <!-- Testcase.Gcrit -->
